INFO:     Started server process [5168]
INFO:     Waiting for application startup.
INFO:     Application startup complete.
INFO:     Uvicorn running on http://0.0.0.0:8080 (Press CTRL+C to quit)
ERROR:    Traceback (most recent call last):
  File "/home/jules/.pyenv/versions/3.12.11/lib/python3.12/site-packages/starlette/routing.py", line 701, in lifespan
    await receive()
  File "/home/jules/.pyenv/versions/3.12.11/lib/python3.12/site-packages/uvicorn/lifespan/on.py", line 137, in receive
    return await self.receive_queue.get()
           ^^^^^^^^^^^^^^^^^^^^^^^^^^^^^^
  File "/home/jules/.pyenv/versions/3.12.11/lib/python3.12/asyncio/queues.py", line 158, in get
    await getter
asyncio.exceptions.CancelledError

Application started. Press Ctrl+C to shut down.
Error connecting to database: 2004 (HY000): Can't create TCP/IP socket (97)
Manager is running.
Shutdown signal received.
Shutting down application...
Manager task cancelled.
Manager stopped.
Application shut down gracefully.
